2025-01-12 16:41:43.431 +05:00 [INF] Executed DbCommand (29ms) [Parameters=[], CommandType='"Text"', CommandTimeout='30']
SELECT EXISTS (
    SELECT 1 FROM pg_catalog.pg_class c
    JOIN pg_catalog.pg_namespace n ON n.oid=c.relnamespace
    WHERE n.nspname='public' AND
          c.relname='__EFMigrationsHistory'
)
2025-01-12 16:41:43.464 +05:00 [INF] Executed DbCommand (4ms) [Parameters=[], CommandType='"Text"', CommandTimeout='30']
SELECT "MigrationId", "ProductVersion"
FROM "__EFMigrationsHistory"
ORDER BY "MigrationId";
2025-01-12 16:41:43.491 +05:00 [INF] Executed DbCommand (0ms) [Parameters=[], CommandType='"Text"', CommandTimeout='30']
SELECT EXISTS (
    SELECT 1 FROM pg_catalog.pg_class c
    JOIN pg_catalog.pg_namespace n ON n.oid=c.relnamespace
    WHERE n.nspname='public' AND
          c.relname='__EFMigrationsHistory'
)
2025-01-12 16:41:43.520 +05:00 [INF] Executed DbCommand (1ms) [Parameters=[], CommandType='"Text"', CommandTimeout='30']
SELECT EXISTS (
    SELECT 1 FROM pg_catalog.pg_class c
    JOIN pg_catalog.pg_namespace n ON n.oid=c.relnamespace
    WHERE n.nspname='public' AND
          c.relname='__EFMigrationsHistory'
)
2025-01-12 16:41:43.523 +05:00 [INF] Executed DbCommand (0ms) [Parameters=[], CommandType='"Text"', CommandTimeout='30']
SELECT "MigrationId", "ProductVersion"
FROM "__EFMigrationsHistory"
ORDER BY "MigrationId";
2025-01-12 16:41:43.536 +05:00 [INF] Applying migration '20241109113245_Initial'.
2025-01-12 16:41:43.581 +05:00 [INF] Executed DbCommand (17ms) [Parameters=[], CommandType='"Text"', CommandTimeout='30']
CREATE TABLE "Conferences" (
    "Id" bigint GENERATED BY DEFAULT AS IDENTITY,
    "Name" text NOT NULL,
    "Date" text NOT NULL,
    "PortfolioId" bigint NOT NULL,
    CONSTRAINT "PK_Conferences" PRIMARY KEY ("Id")
);
2025-01-12 16:41:43.589 +05:00 [INF] Executed DbCommand (4ms) [Parameters=[], CommandType='"Text"', CommandTimeout='30']
CREATE TABLE "Educations" (
    "Id" bigint GENERATED BY DEFAULT AS IDENTITY,
    "Name" text NOT NULL,
    "Institution" text NOT NULL,
    "Degree" text NOT NULL,
    "FieldOfStudy" text NOT NULL,
    "StartYear" integer NOT NULL,
    "EndYear" integer NOT NULL,
    "PortfolioId" bigint NOT NULL,
    CONSTRAINT "PK_Educations" PRIMARY KEY ("Id")
);
2025-01-12 16:41:43.593 +05:00 [INF] Executed DbCommand (3ms) [Parameters=[], CommandType='"Text"', CommandTimeout='30']
CREATE TABLE "Portfolios" (
    "Id" bigint GENERATED BY DEFAULT AS IDENTITY,
    "Name" text NOT NULL,
    "ShortInfo" text NOT NULL,
    "Slogan" text NOT NULL,
    "Contacts" jsonb,
    CONSTRAINT "PK_Portfolios" PRIMARY KEY ("Id")
);
2025-01-12 16:41:43.598 +05:00 [INF] Executed DbCommand (3ms) [Parameters=[], CommandType='"Text"', CommandTimeout='30']
CREATE TABLE "Presentations" (
    "Id" bigint GENERATED BY DEFAULT AS IDENTITY,
    "Title" text NOT NULL,
    "Event" text NOT NULL,
    "PresentationDate" text NOT NULL,
    "Description" text NOT NULL,
    "Link" text NOT NULL,
    "PortfolioId" bigint NOT NULL,
    CONSTRAINT "PK_Presentations" PRIMARY KEY ("Id")
);
2025-01-12 16:41:43.604 +05:00 [INF] Executed DbCommand (4ms) [Parameters=[], CommandType='"Text"', CommandTimeout='30']
CREATE TABLE "Publications" (
    "Id" bigint GENERATED BY DEFAULT AS IDENTITY,
    "Description" text NOT NULL,
    "Title" text NOT NULL,
    "PublicationDate" text NOT NULL,
    "Publisher" text NOT NULL,
    "PortfolioId" bigint NOT NULL,
    CONSTRAINT "PK_Publications" PRIMARY KEY ("Id")
);
2025-01-12 16:41:43.610 +05:00 [INF] Executed DbCommand (4ms) [Parameters=[], CommandType='"Text"', CommandTimeout='30']
CREATE TABLE "WorkExperiences" (
    "Id" bigint GENERATED BY DEFAULT AS IDENTITY,
    "PortfolioId" bigint NOT NULL,
    "Company" text NOT NULL,
    "EndDate" text NOT NULL,
    "StartDate" text NOT NULL,
    "Position" text NOT NULL,
    CONSTRAINT "PK_WorkExperiences" PRIMARY KEY ("Id")
);
2025-01-12 16:41:43.612 +05:00 [INF] Executed DbCommand (1ms) [Parameters=[], CommandType='"Text"', CommandTimeout='30']
INSERT INTO "__EFMigrationsHistory" ("MigrationId", "ProductVersion")
VALUES ('20241109113245_Initial', '8.0.10');
2025-01-12 16:41:43.618 +05:00 [INF] Applying migration '20241127173357_AddCredits'.
2025-01-12 16:41:43.631 +05:00 [INF] Executed DbCommand (4ms) [Parameters=[], CommandType='"Text"', CommandTimeout='30']
ALTER TABLE "WorkExperiences" DROP COLUMN "Company";
2025-01-12 16:41:43.633 +05:00 [INF] Executed DbCommand (0ms) [Parameters=[], CommandType='"Text"', CommandTimeout='30']
ALTER TABLE "WorkExperiences" DROP COLUMN "EndDate";
2025-01-12 16:41:43.636 +05:00 [INF] Executed DbCommand (0ms) [Parameters=[], CommandType='"Text"', CommandTimeout='30']
ALTER TABLE "Presentations" DROP COLUMN "Event";
2025-01-12 16:41:43.638 +05:00 [INF] Executed DbCommand (0ms) [Parameters=[], CommandType='"Text"', CommandTimeout='30']
ALTER TABLE "WorkExperiences" RENAME COLUMN "Position" TO "Description";
2025-01-12 16:41:43.640 +05:00 [INF] Executed DbCommand (0ms) [Parameters=[], CommandType='"Text"', CommandTimeout='30']
ALTER TABLE "Presentations" RENAME COLUMN "PresentationDate" TO "Image";
2025-01-12 16:41:43.643 +05:00 [INF] Executed DbCommand (3ms) [Parameters=[], CommandType='"Text"', CommandTimeout='30']
ALTER TABLE "Portfolios" ADD "Credits" text[] NOT NULL DEFAULT ARRAY[]::text[];
2025-01-12 16:41:43.646 +05:00 [INF] Executed DbCommand (1ms) [Parameters=[], CommandType='"Text"', CommandTimeout='30']
ALTER TABLE "Conferences" ADD "Image" text NOT NULL DEFAULT '';
2025-01-12 16:41:43.649 +05:00 [INF] Executed DbCommand (0ms) [Parameters=[], CommandType='"Text"', CommandTimeout='30']
INSERT INTO "__EFMigrationsHistory" ("MigrationId", "ProductVersion")
VALUES ('20241127173357_AddCredits', '8.0.10');
2025-01-12 16:41:43.651 +05:00 [INF] Applying migration '20250107123718_AddUsers'.
2025-01-12 16:41:43.663 +05:00 [ERR] Failed executing DbCommand (3ms) [Parameters=[], CommandType='"Text"', CommandTimeout='30']
CREATE TABLE "Users" (
    "Id" bigint GENERATED BY DEFAULT AS IDENTITY,
    "Email" text NOT NULL,
    "Password" text NOT NULL,
    "PortfolioIds" bigint[] NOT NULL,
    CONSTRAINT "PK_Users" PRIMARY KEY ("Id")
);
2025-01-12 16:42:11.243 +05:00 [ERR] Failed executing DbCommand (14ms) [Parameters=[], CommandType='"Text"', CommandTimeout='30']
DROP DATABASE postgres WITH (FORCE);
2025-01-12 16:42:23.762 +05:00 [ERR] Failed executing DbCommand (13ms) [Parameters=[], CommandType='"Text"', CommandTimeout='30']
DROP DATABASE postgres WITH (FORCE);
2025-01-12 16:42:50.077 +05:00 [INF] Executed DbCommand (73ms) [Parameters=[], CommandType='"Text"', CommandTimeout='30']
DROP DATABASE portfolio WITH (FORCE);
2025-01-12 16:43:15.828 +05:00 [INF] Executed DbCommand (233ms) [Parameters=[], CommandType='"Text"', CommandTimeout='30']
CREATE DATABASE portfolio;
2025-01-12 16:43:16.061 +05:00 [INF] Executed DbCommand (4ms) [Parameters=[], CommandType='"Text"', CommandTimeout='30']
CREATE TABLE "__EFMigrationsHistory" (
    "MigrationId" character varying(150) NOT NULL,
    "ProductVersion" character varying(32) NOT NULL,
    CONSTRAINT "PK___EFMigrationsHistory" PRIMARY KEY ("MigrationId")
);
2025-01-12 16:43:16.104 +05:00 [INF] Executed DbCommand (18ms) [Parameters=[], CommandType='"Text"', CommandTimeout='30']
SELECT EXISTS (
    SELECT 1 FROM pg_catalog.pg_class c
    JOIN pg_catalog.pg_namespace n ON n.oid=c.relnamespace
    WHERE n.nspname='public' AND
          c.relname='__EFMigrationsHistory'
)
2025-01-12 16:43:16.108 +05:00 [INF] Executed DbCommand (2ms) [Parameters=[], CommandType='"Text"', CommandTimeout='30']
SELECT "MigrationId", "ProductVersion"
FROM "__EFMigrationsHistory"
ORDER BY "MigrationId";
2025-01-12 16:43:16.120 +05:00 [INF] Applying migration '20241109113245_Initial'.
2025-01-12 16:43:16.146 +05:00 [INF] Executed DbCommand (5ms) [Parameters=[], CommandType='"Text"', CommandTimeout='30']
CREATE TABLE "Conferences" (
    "Id" bigint GENERATED BY DEFAULT AS IDENTITY,
    "Name" text NOT NULL,
    "Date" text NOT NULL,
    "PortfolioId" bigint NOT NULL,
    CONSTRAINT "PK_Conferences" PRIMARY KEY ("Id")
);
2025-01-12 16:43:16.152 +05:00 [INF] Executed DbCommand (4ms) [Parameters=[], CommandType='"Text"', CommandTimeout='30']
CREATE TABLE "Educations" (
    "Id" bigint GENERATED BY DEFAULT AS IDENTITY,
    "Name" text NOT NULL,
    "Institution" text NOT NULL,
    "Degree" text NOT NULL,
    "FieldOfStudy" text NOT NULL,
    "StartYear" integer NOT NULL,
    "EndYear" integer NOT NULL,
    "PortfolioId" bigint NOT NULL,
    CONSTRAINT "PK_Educations" PRIMARY KEY ("Id")
);
2025-01-12 16:43:16.156 +05:00 [INF] Executed DbCommand (3ms) [Parameters=[], CommandType='"Text"', CommandTimeout='30']
CREATE TABLE "Portfolios" (
    "Id" bigint GENERATED BY DEFAULT AS IDENTITY,
    "Name" text NOT NULL,
    "ShortInfo" text NOT NULL,
    "Slogan" text NOT NULL,
    "Contacts" jsonb,
    CONSTRAINT "PK_Portfolios" PRIMARY KEY ("Id")
);
2025-01-12 16:43:16.160 +05:00 [INF] Executed DbCommand (2ms) [Parameters=[], CommandType='"Text"', CommandTimeout='30']
CREATE TABLE "Presentations" (
    "Id" bigint GENERATED BY DEFAULT AS IDENTITY,
    "Title" text NOT NULL,
    "Event" text NOT NULL,
    "PresentationDate" text NOT NULL,
    "Description" text NOT NULL,
    "Link" text NOT NULL,
    "PortfolioId" bigint NOT NULL,
    CONSTRAINT "PK_Presentations" PRIMARY KEY ("Id")
);
2025-01-12 16:43:16.163 +05:00 [INF] Executed DbCommand (2ms) [Parameters=[], CommandType='"Text"', CommandTimeout='30']
CREATE TABLE "Publications" (
    "Id" bigint GENERATED BY DEFAULT AS IDENTITY,
    "Description" text NOT NULL,
    "Title" text NOT NULL,
    "PublicationDate" text NOT NULL,
    "Publisher" text NOT NULL,
    "PortfolioId" bigint NOT NULL,
    CONSTRAINT "PK_Publications" PRIMARY KEY ("Id")
);
2025-01-12 16:43:16.166 +05:00 [INF] Executed DbCommand (3ms) [Parameters=[], CommandType='"Text"', CommandTimeout='30']
CREATE TABLE "WorkExperiences" (
    "Id" bigint GENERATED BY DEFAULT AS IDENTITY,
    "PortfolioId" bigint NOT NULL,
    "Company" text NOT NULL,
    "EndDate" text NOT NULL,
    "StartDate" text NOT NULL,
    "Position" text NOT NULL,
    CONSTRAINT "PK_WorkExperiences" PRIMARY KEY ("Id")
);
2025-01-12 16:43:16.168 +05:00 [INF] Executed DbCommand (1ms) [Parameters=[], CommandType='"Text"', CommandTimeout='30']
INSERT INTO "__EFMigrationsHistory" ("MigrationId", "ProductVersion")
VALUES ('20241109113245_Initial', '8.0.10');
2025-01-12 16:43:16.172 +05:00 [INF] Applying migration '20241127173357_AddCredits'.
2025-01-12 16:43:16.180 +05:00 [INF] Executed DbCommand (1ms) [Parameters=[], CommandType='"Text"', CommandTimeout='30']
ALTER TABLE "WorkExperiences" DROP COLUMN "Company";
2025-01-12 16:43:16.182 +05:00 [INF] Executed DbCommand (0ms) [Parameters=[], CommandType='"Text"', CommandTimeout='30']
ALTER TABLE "WorkExperiences" DROP COLUMN "EndDate";
2025-01-12 16:43:16.183 +05:00 [INF] Executed DbCommand (0ms) [Parameters=[], CommandType='"Text"', CommandTimeout='30']
ALTER TABLE "Presentations" DROP COLUMN "Event";
2025-01-12 16:43:16.184 +05:00 [INF] Executed DbCommand (0ms) [Parameters=[], CommandType='"Text"', CommandTimeout='30']
ALTER TABLE "WorkExperiences" RENAME COLUMN "Position" TO "Description";
2025-01-12 16:43:16.186 +05:00 [INF] Executed DbCommand (0ms) [Parameters=[], CommandType='"Text"', CommandTimeout='30']
ALTER TABLE "Presentations" RENAME COLUMN "PresentationDate" TO "Image";
2025-01-12 16:43:16.189 +05:00 [INF] Executed DbCommand (2ms) [Parameters=[], CommandType='"Text"', CommandTimeout='30']
ALTER TABLE "Portfolios" ADD "Credits" text[] NOT NULL DEFAULT ARRAY[]::text[];
2025-01-12 16:43:16.191 +05:00 [INF] Executed DbCommand (0ms) [Parameters=[], CommandType='"Text"', CommandTimeout='30']
ALTER TABLE "Conferences" ADD "Image" text NOT NULL DEFAULT '';
2025-01-12 16:43:16.192 +05:00 [INF] Executed DbCommand (0ms) [Parameters=[], CommandType='"Text"', CommandTimeout='30']
INSERT INTO "__EFMigrationsHistory" ("MigrationId", "ProductVersion")
VALUES ('20241127173357_AddCredits', '8.0.10');
2025-01-12 16:43:16.194 +05:00 [INF] Applying migration '20250107123718_AddUsers'.
2025-01-12 16:43:16.208 +05:00 [INF] Executed DbCommand (5ms) [Parameters=[], CommandType='"Text"', CommandTimeout='30']
CREATE TABLE "Users" (
    "Id" bigint GENERATED BY DEFAULT AS IDENTITY,
    "Email" text NOT NULL,
    "Password" text NOT NULL,
    "PortfolioIds" bigint[] NOT NULL,
    CONSTRAINT "PK_Users" PRIMARY KEY ("Id")
);
2025-01-12 16:43:16.212 +05:00 [INF] Executed DbCommand (1ms) [Parameters=[], CommandType='"Text"', CommandTimeout='30']
CREATE UNIQUE INDEX "IX_Users_Email" ON "Users" ("Email");
2025-01-12 16:43:16.215 +05:00 [INF] Executed DbCommand (1ms) [Parameters=[], CommandType='"Text"', CommandTimeout='30']
INSERT INTO "__EFMigrationsHistory" ("MigrationId", "ProductVersion")
VALUES ('20250107123718_AddUsers', '8.0.10');
2025-01-12 17:30:23.671 +05:00 [INF] Executed DbCommand (29ms) [Parameters=[], CommandType='"Text"', CommandTimeout='30']
SELECT EXISTS (
    SELECT 1 FROM pg_catalog.pg_class c
    JOIN pg_catalog.pg_namespace n ON n.oid=c.relnamespace
    WHERE n.nspname='public' AND
          c.relname='__EFMigrationsHistory'
)
2025-01-12 17:30:23.723 +05:00 [INF] Executed DbCommand (1ms) [Parameters=[], CommandType='"Text"', CommandTimeout='30']
SELECT EXISTS (
    SELECT 1 FROM pg_catalog.pg_class c
    JOIN pg_catalog.pg_namespace n ON n.oid=c.relnamespace
    WHERE n.nspname='public' AND
          c.relname='__EFMigrationsHistory'
)
2025-01-12 17:30:23.791 +05:00 [INF] Executed DbCommand (9ms) [Parameters=[], CommandType='"Text"', CommandTimeout='30']
CREATE TABLE "__EFMigrationsHistory" (
    "MigrationId" character varying(150) NOT NULL,
    "ProductVersion" character varying(32) NOT NULL,
    CONSTRAINT "PK___EFMigrationsHistory" PRIMARY KEY ("MigrationId")
);
2025-01-12 17:30:23.813 +05:00 [INF] Executed DbCommand (1ms) [Parameters=[], CommandType='"Text"', CommandTimeout='30']
SELECT EXISTS (
    SELECT 1 FROM pg_catalog.pg_class c
    JOIN pg_catalog.pg_namespace n ON n.oid=c.relnamespace
    WHERE n.nspname='public' AND
          c.relname='__EFMigrationsHistory'
)
2025-01-12 17:30:23.817 +05:00 [INF] Executed DbCommand (1ms) [Parameters=[], CommandType='"Text"', CommandTimeout='30']
SELECT "MigrationId", "ProductVersion"
FROM "__EFMigrationsHistory"
ORDER BY "MigrationId";
2025-01-12 17:30:23.829 +05:00 [INF] Applying migration '20250112123005_Initial'.
2025-01-12 17:30:23.854 +05:00 [INF] Executed DbCommand (4ms) [Parameters=[], CommandType='"Text"', CommandTimeout='30']
CREATE TABLE "Conferences" (
    "Id" bigint GENERATED BY DEFAULT AS IDENTITY,
    "Name" text NOT NULL,
    "Date" text NOT NULL,
    "Image" text NOT NULL,
    "PortfolioId" bigint NOT NULL,
    CONSTRAINT "PK_Conferences" PRIMARY KEY ("Id")
);
2025-01-12 17:30:23.857 +05:00 [INF] Executed DbCommand (2ms) [Parameters=[], CommandType='"Text"', CommandTimeout='30']
CREATE TABLE "Educations" (
    "Id" bigint GENERATED BY DEFAULT AS IDENTITY,
    "Name" text NOT NULL,
    "Institution" text NOT NULL,
    "Degree" text NOT NULL,
    "FieldOfStudy" text NOT NULL,
    "StartYear" integer NOT NULL,
    "EndYear" integer NOT NULL,
    "PortfolioId" bigint NOT NULL,
    CONSTRAINT "PK_Educations" PRIMARY KEY ("Id")
);
2025-01-12 17:30:23.861 +05:00 [INF] Executed DbCommand (2ms) [Parameters=[], CommandType='"Text"', CommandTimeout='30']
CREATE TABLE "Portfolios" (
    "Id" bigint GENERATED BY DEFAULT AS IDENTITY,
    "Credits" text[] NOT NULL,
    "Name" text NOT NULL,
    "ShortInfo" text NOT NULL,
    "Slogan" text NOT NULL,
    "Contacts" jsonb,
    CONSTRAINT "PK_Portfolios" PRIMARY KEY ("Id")
);
2025-01-12 17:30:23.864 +05:00 [INF] Executed DbCommand (2ms) [Parameters=[], CommandType='"Text"', CommandTimeout='30']
CREATE TABLE "Presentations" (
    "Id" bigint GENERATED BY DEFAULT AS IDENTITY,
    "Title" text NOT NULL,
    "Description" text NOT NULL,
    "Image" text NOT NULL,
    "Link" text NOT NULL,
    "PortfolioId" bigint NOT NULL,
    CONSTRAINT "PK_Presentations" PRIMARY KEY ("Id")
);
2025-01-12 17:30:23.870 +05:00 [INF] Executed DbCommand (5ms) [Parameters=[], CommandType='"Text"', CommandTimeout='30']
CREATE TABLE "Publications" (
    "Id" bigint GENERATED BY DEFAULT AS IDENTITY,
    "Description" text NOT NULL,
    "Title" text NOT NULL,
    "PublicationDate" text NOT NULL,
    "Publisher" text NOT NULL,
    "PortfolioId" bigint NOT NULL,
    CONSTRAINT "PK_Publications" PRIMARY KEY ("Id")
);
2025-01-12 17:30:23.877 +05:00 [INF] Executed DbCommand (5ms) [Parameters=[], CommandType='"Text"', CommandTimeout='30']
CREATE TABLE "Users" (
    "Id" bigint GENERATED BY DEFAULT AS IDENTITY,
    "Email" text NOT NULL,
    "Password" text NOT NULL,
    "PortfolioIds" bigint[] NOT NULL,
    CONSTRAINT "PK_Users" PRIMARY KEY ("Id")
);
2025-01-12 17:30:23.883 +05:00 [INF] Executed DbCommand (5ms) [Parameters=[], CommandType='"Text"', CommandTimeout='30']
CREATE TABLE "WorkExperiences" (
    "Id" bigint GENERATED BY DEFAULT AS IDENTITY,
    "PortfolioId" bigint NOT NULL,
    "Description" text NOT NULL,
    "StartDate" text NOT NULL,
    CONSTRAINT "PK_WorkExperiences" PRIMARY KEY ("Id")
);
2025-01-12 17:30:23.886 +05:00 [INF] Executed DbCommand (2ms) [Parameters=[], CommandType='"Text"', CommandTimeout='30']
CREATE UNIQUE INDEX "IX_Users_Email" ON "Users" ("Email");
2025-01-12 17:30:23.889 +05:00 [INF] Executed DbCommand (1ms) [Parameters=[], CommandType='"Text"', CommandTimeout='30']
INSERT INTO "__EFMigrationsHistory" ("MigrationId", "ProductVersion")
VALUES ('20250112123005_Initial', '8.0.10');
